{"/Users/parikmaan/Work/Code/param-store-service/src/constants.ts": {"path":"/Users/parikmaan/Work/Code/param-store-service/src/constants.ts","statementMap":{"0":{"start":{"line":2,"column":0},"end":{"line":2,"column":62}},"1":{"start":{"line":3,"column":0},"end":{"line":3,"column":172}},"2":{"start":{"line":4,"column":0},"end":{"line":4,"column":60}},"3":{"start":{"line":5,"column":0},"end":{"line":5,"column":62}},"4":{"start":{"line":6,"column":0},"end":{"line":6,"column":45}},"5":{"start":{"line":7,"column":0},"end":{"line":7,"column":63}},"6":{"start":{"line":8,"column":0},"end":{"line":8,"column":87}}},"fnMap":{},"branchMap":{},"s":{"0":2,"1":2,"2":2,"3":2,"4":2,"5":2,"6":2},"f":{},"b":{},"_coverageSchema":"1a1c01bbd47fc00a2c39e90264f33305004495a9","hash":"bbf5412e479375a0bb4fd94e4b73738df5127137"}
,"/Users/parikmaan/Work/Code/param-store-service/src/index.ts": {"path":"/Users/parikmaan/Work/Code/param-store-service/src/index.ts","statementMap":{"0":{"start":{"line":2,"column":0},"end":{"line":2,"column":62}},"1":{"start":{"line":3,"column":0},"end":{"line":3,"column":97}},"2":{"start":{"line":4,"column":18},"end":{"line":4,"column":38}},"3":{"start":{"line":5,"column":0},"end":{"line":5,"column":132}},"4":{"start":{"line":5,"column":91},"end":{"line":5,"column":126}},"5":{"start":{"line":6,"column":17},"end":{"line":6,"column":36}},"6":{"start":{"line":7,"column":0},"end":{"line":7,"column":129}},"7":{"start":{"line":7,"column":90},"end":{"line":7,"column":123}},"8":{"start":{"line":8,"column":20},"end":{"line":8,"column":42}},"9":{"start":{"line":9,"column":0},"end":{"line":9,"column":148}},"10":{"start":{"line":9,"column":98},"end":{"line":9,"column":142}}},"fnMap":{"0":{"name":"(anonymous_0)","decl":{"start":{"line":5,"column":77},"end":{"line":5,"column":78}},"loc":{"start":{"line":5,"column":89},"end":{"line":5,"column":128}},"line":5},"1":{"name":"(anonymous_1)","decl":{"start":{"line":7,"column":76},"end":{"line":7,"column":77}},"loc":{"start":{"line":7,"column":88},"end":{"line":7,"column":125}},"line":7},"2":{"name":"(anonymous_2)","decl":{"start":{"line":9,"column":84},"end":{"line":9,"column":85}},"loc":{"start":{"line":9,"column":96},"end":{"line":9,"column":144}},"line":9}},"branchMap":{},"s":{"0":0,"1":0,"2":0,"3":0,"4":0,"5":0,"6":0,"7":0,"8":0,"9":0,"10":0},"f":{"0":0,"1":0,"2":0},"b":{}}
,"/Users/parikmaan/Work/Code/param-store-service/src/interface/index.ts": {"path":"/Users/parikmaan/Work/Code/param-store-service/src/interface/index.ts","statementMap":{"0":{"start":{"line":2,"column":22},"end":{"line":12,"column":3}},"1":{"start":{"line":3,"column":4},"end":{"line":3,"column":33}},"2":{"start":{"line":3,"column":26},"end":{"line":3,"column":33}},"3":{"start":{"line":4,"column":15},"end":{"line":4,"column":52}},"4":{"start":{"line":5,"column":4},"end":{"line":7,"column":5}},"5":{"start":{"line":6,"column":6},"end":{"line":6,"column":68}},"6":{"start":{"line":6,"column":51},"end":{"line":6,"column":63}},"7":{"start":{"line":8,"column":4},"end":{"line":8,"column":39}},"8":{"start":{"line":10,"column":4},"end":{"line":10,"column":33}},"9":{"start":{"line":10,"column":26},"end":{"line":10,"column":33}},"10":{"start":{"line":11,"column":4},"end":{"line":11,"column":17}},"11":{"start":{"line":13,"column":19},"end":{"line":15,"column":1}},"12":{"start":{"line":14,"column":4},"end":{"line":14,"column":126}},"13":{"start":{"line":14,"column":21},"end":{"line":14,"column":126}},"14":{"start":{"line":14,"column":95},"end":{"line":14,"column":126}},"15":{"start":{"line":16,"column":0},"end":{"line":16,"column":62}},"16":{"start":{"line":17,"column":0},"end":{"line":17,"column":61}},"17":{"start":{"line":18,"column":0},"end":{"line":18,"column":67}},"18":{"start":{"line":19,"column":0},"end":{"line":19,"column":69}}},"fnMap":{"0":{"name":"(anonymous_0)","decl":{"start":{"line":2,"column":74},"end":{"line":2,"column":75}},"loc":{"start":{"line":2,"column":96},"end":{"line":9,"column":1}},"line":2},"1":{"name":"(anonymous_1)","decl":{"start":{"line":6,"column":38},"end":{"line":6,"column":39}},"loc":{"start":{"line":6,"column":49},"end":{"line":6,"column":65}},"line":6},"2":{"name":"(anonymous_2)","decl":{"start":{"line":9,"column":6},"end":{"line":9,"column":7}},"loc":{"start":{"line":9,"column":28},"end":{"line":12,"column":1}},"line":9},"3":{"name":"(anonymous_3)","decl":{"start":{"line":13,"column":50},"end":{"line":13,"column":51}},"loc":{"start":{"line":13,"column":71},"end":{"line":15,"column":1}},"line":13}},"branchMap":{"0":{"loc":{"start":{"line":2,"column":22},"end":{"line":12,"column":3}},"type":"binary-expr","locations":[{"start":{"line":2,"column":23},"end":{"line":2,"column":27}},{"start":{"line":2,"column":31},"end":{"line":2,"column":51}},{"start":{"line":2,"column":57},"end":{"line":12,"column":2}}],"line":2},"1":{"loc":{"start":{"line":2,"column":57},"end":{"line":12,"column":2}},"type":"cond-expr","locations":[{"start":{"line":2,"column":74},"end":{"line":9,"column":1}},{"start":{"line":9,"column":6},"end":{"line":12,"column":1}}],"line":2},"2":{"loc":{"start":{"line":3,"column":4},"end":{"line":3,"column":33}},"type":"if","locations":[{"start":{"line":3,"column":4},"end":{"line":3,"column":33}},{"start":{},"end":{}}],"line":3},"3":{"loc":{"start":{"line":5,"column":4},"end":{"line":7,"column":5}},"type":"if","locations":[{"start":{"line":5,"column":4},"end":{"line":7,"column":5}},{"start":{},"end":{}}],"line":5},"4":{"loc":{"start":{"line":5,"column":8},"end":{"line":5,"column":85}},"type":"binary-expr","locations":[{"start":{"line":5,"column":8},"end":{"line":5,"column":13}},{"start":{"line":5,"column":18},"end":{"line":5,"column":84}}],"line":5},"5":{"loc":{"start":{"line":5,"column":18},"end":{"line":5,"column":84}},"type":"cond-expr","locations":[{"start":{"line":5,"column":34},"end":{"line":5,"column":47}},{"start":{"line":5,"column":50},"end":{"line":5,"column":84}}],"line":5},"6":{"loc":{"start":{"line":5,"column":50},"end":{"line":5,"column":84}},"type":"binary-expr","locations":[{"start":{"line":5,"column":50},"end":{"line":5,"column":63}},{"start":{"line":5,"column":67},"end":{"line":5,"column":84}}],"line":5},"7":{"loc":{"start":{"line":10,"column":4},"end":{"line":10,"column":33}},"type":"if","locations":[{"start":{"line":10,"column":4},"end":{"line":10,"column":33}},{"start":{},"end":{}}],"line":10},"8":{"loc":{"start":{"line":13,"column":19},"end":{"line":15,"column":1}},"type":"binary-expr","locations":[{"start":{"line":13,"column":20},"end":{"line":13,"column":24}},{"start":{"line":13,"column":28},"end":{"line":13,"column":45}},{"start":{"line":13,"column":50},"end":{"line":15,"column":1}}],"line":13},"9":{"loc":{"start":{"line":14,"column":21},"end":{"line":14,"column":126}},"type":"if","locations":[{"start":{"line":14,"column":21},"end":{"line":14,"column":126}},{"start":{},"end":{}}],"line":14},"10":{"loc":{"start":{"line":14,"column":25},"end":{"line":14,"column":93}},"type":"binary-expr","locations":[{"start":{"line":14,"column":25},"end":{"line":14,"column":40}},{"start":{"line":14,"column":44},"end":{"line":14,"column":93}}],"line":14}},"s":{"0":0,"1":0,"2":0,"3":0,"4":0,"5":0,"6":0,"7":0,"8":0,"9":0,"10":0,"11":0,"12":0,"13":0,"14":0,"15":0,"16":0,"17":0,"18":0},"f":{"0":0,"1":0,"2":0,"3":0},"b":{"0":[0,0,0],"1":[0,0],"2":[0,0],"3":[0,0],"4":[0,0],"5":[0,0],"6":[0,0],"7":[0,0],"8":[0,0,0],"9":[0,0],"10":[0,0]}}
,"/Users/parikmaan/Work/Code/param-store-service/src/interface/module-async-options.interface.ts": {"path":"/Users/parikmaan/Work/Code/param-store-service/src/interface/module-async-options.interface.ts","statementMap":{"0":{"start":{"line":2,"column":0},"end":{"line":2,"column":62}}},"fnMap":{},"branchMap":{},"s":{"0":0},"f":{},"b":{}}
,"/Users/parikmaan/Work/Code/param-store-service/src/interface/module-options.interface.ts": {"path":"/Users/parikmaan/Work/Code/param-store-service/src/interface/module-options.interface.ts","statementMap":{"0":{"start":{"line":2,"column":0},"end":{"line":2,"column":62}}},"fnMap":{},"branchMap":{},"s":{"0":0},"f":{},"b":{}}
,"/Users/parikmaan/Work/Code/param-store-service/src/interface/param-store-parameters.interface.ts": {"path":"/Users/parikmaan/Work/Code/param-store-service/src/interface/param-store-parameters.interface.ts","statementMap":{"0":{"start":{"line":2,"column":0},"end":{"line":2,"column":62}}},"fnMap":{},"branchMap":{},"s":{"0":0},"f":{},"b":{}}
,"/Users/parikmaan/Work/Code/param-store-service/src/module/index.ts": {"path":"/Users/parikmaan/Work/Code/param-store-service/src/module/index.ts","statementMap":{"0":{"start":{"line":2,"column":0},"end":{"line":2,"column":62}},"1":{"start":{"line":3,"column":0},"end":{"line":3,"column":34}},"2":{"start":{"line":4,"column":29},"end":{"line":4,"column":60}},"3":{"start":{"line":5,"column":0},"end":{"line":5,"column":141}},"4":{"start":{"line":5,"column":90},"end":{"line":5,"column":135}}},"fnMap":{"0":{"name":"(anonymous_0)","decl":{"start":{"line":5,"column":76},"end":{"line":5,"column":77}},"loc":{"start":{"line":5,"column":88},"end":{"line":5,"column":137}},"line":5}},"branchMap":{},"s":{"0":0,"1":0,"2":0,"3":0,"4":0},"f":{"0":0},"b":{}}
,"/Users/parikmaan/Work/Code/param-store-service/src/module/param-store.module.ts": {"path":"/Users/parikmaan/Work/Code/param-store-service/src/module/param-store.module.ts","statementMap":{"0":{"start":{"line":2,"column":17},"end":{"line":7,"column":1}},"1":{"start":{"line":3,"column":12},"end":{"line":3,"column":28}},"2":{"start":{"line":3,"column":34},"end":{"line":3,"column":125}},"3":{"start":{"line":4,"column":4},"end":{"line":5,"column":150}},"4":{"start":{"line":4,"column":79},"end":{"line":4,"column":131}},"5":{"start":{"line":5,"column":9},"end":{"line":5,"column":150}},"6":{"start":{"line":5,"column":22},"end":{"line":5,"column":43}},"7":{"start":{"line":5,"column":58},"end":{"line":5,"column":150}},"8":{"start":{"line":5,"column":81},"end":{"line":5,"column":150}},"9":{"start":{"line":6,"column":4},"end":{"line":6,"column":66}},"10":{"start":{"line":8,"column":16},"end":{"line":16,"column":1}},"11":{"start":{"line":9,"column":28},"end":{"line":9,"column":110}},"12":{"start":{"line":9,"column":91},"end":{"line":9,"column":106}},"13":{"start":{"line":10,"column":4},"end":{"line":15,"column":7}},"14":{"start":{"line":11,"column":36},"end":{"line":11,"column":97}},"15":{"start":{"line":11,"column":42},"end":{"line":11,"column":70}},"16":{"start":{"line":11,"column":85},"end":{"line":11,"column":95}},"17":{"start":{"line":12,"column":35},"end":{"line":12,"column":100}},"18":{"start":{"line":12,"column":41},"end":{"line":12,"column":73}},"19":{"start":{"line":12,"column":88},"end":{"line":12,"column":98}},"20":{"start":{"line":13,"column":32},"end":{"line":13,"column":116}},"21":{"start":{"line":14,"column":8},"end":{"line":14,"column":78}},"22":{"start":{"line":17,"column":20},"end":{"line":23,"column":1}},"23":{"start":{"line":18,"column":4},"end":{"line":18,"column":91}},"24":{"start":{"line":18,"column":31},"end":{"line":18,"column":91}},"25":{"start":{"line":19,"column":12},"end":{"line":19,"column":35}},"26":{"start":{"line":20,"column":4},"end":{"line":20,"column":213}},"27":{"start":{"line":20,"column":194},"end":{"line":20,"column":206}},"28":{"start":{"line":21,"column":23},"end":{"line":21,"column":162}},"29":{"start":{"line":21,"column":53},"end":{"line":21,"column":159}},"30":{"start":{"line":21,"column":101},"end":{"line":21,"column":155}},"31":{"start":{"line":22,"column":45},"end":{"line":22,"column":126}},"32":{"start":{"line":22,"column":83},"end":{"line":22,"column":114}},"33":{"start":{"line":25,"column":0},"end":{"line":25,"column":62}},"34":{"start":{"line":26,"column":0},"end":{"line":26,"column":34}},"35":{"start":{"line":27,"column":17},"end":{"line":27,"column":42}},"36":{"start":{"line":28,"column":20},"end":{"line":28,"column":43}},"37":{"start":{"line":29,"column":18},"end":{"line":29,"column":39}},"38":{"start":{"line":30,"column":21},"end":{"line":30,"column":51}},"39":{"start":{"line":31,"column":19},"end":{"line":31,"column":46}},"40":{"start":{"line":32,"column":23},"end":{"line":119,"column":1}},"41":{"start":{"line":34,"column":26},"end":{"line":34,"column":55}},"42":{"start":{"line":35,"column":8},"end":{"line":40,"column":10}},"43":{"start":{"line":43,"column":8},"end":{"line":50,"column":10}},"44":{"start":{"line":53,"column":8},"end":{"line":87,"column":11}},"45":{"start":{"line":55,"column":12},"end":{"line":86,"column":13}},"46":{"start":{"line":56,"column":34},"end":{"line":56,"column":83}},"47":{"start":{"line":58,"column":35},"end":{"line":58,"column":37}},"48":{"start":{"line":59,"column":34},"end":{"line":59,"column":170}},"49":{"start":{"line":60,"column":16},"end":{"line":76,"column":17}},"50":{"start":{"line":61,"column":20},"end":{"line":68,"column":21}},"51":{"start":{"line":61,"column":34},"end":{"line":61,"column":38}},"52":{"start":{"line":61,"column":54},"end":{"line":61,"column":78}},"53":{"start":{"line":62,"column":24},"end":{"line":62,"column":49}},"54":{"start":{"line":63,"column":24},"end":{"line":63,"column":35}},"55":{"start":{"line":64,"column":37},"end":{"line":64,"column":39}},"56":{"start":{"line":65,"column":24},"end":{"line":67,"column":25}},"57":{"start":{"line":66,"column":28},"end":{"line":66,"column":64}},"58":{"start":{"line":70,"column":32},"end":{"line":70,"column":55}},"59":{"start":{"line":72,"column":20},"end":{"line":75,"column":57}},"60":{"start":{"line":73,"column":24},"end":{"line":73,"column":96}},"61":{"start":{"line":73,"column":69},"end":{"line":73,"column":96}},"62":{"start":{"line":75,"column":30},"end":{"line":75,"column":55}},"63":{"start":{"line":75,"column":39},"end":{"line":75,"column":55}},"64":{"start":{"line":77,"column":16},"end":{"line":77,"column":34}},"65":{"start":{"line":80,"column":16},"end":{"line":85,"column":17}},"66":{"start":{"line":81,"column":20},"end":{"line":81,"column":90}},"67":{"start":{"line":84,"column":20},"end":{"line":84,"column":32}},"68":{"start":{"line":90,"column":8},"end":{"line":104,"column":10}},"69":{"start":{"line":97,"column":38},"end":{"line":101,"column":18}},"70":{"start":{"line":98,"column":20},"end":{"line":100,"column":33}},"71":{"start":{"line":107,"column":8},"end":{"line":117,"column":10}},"72":{"start":{"line":110,"column":47},"end":{"line":114,"column":18}},"73":{"start":{"line":111,"column":20},"end":{"line":113,"column":33}},"74":{"start":{"line":120,"column":0},"end":{"line":120,"column":44}},"75":{"start":{"line":121,"column":0},"end":{"line":121,"column":71}},"76":{"start":{"line":122,"column":0},"end":{"line":125,"column":21}}},"fnMap":{"0":{"name":"(anonymous_0)","decl":{"start":{"line":2,"column":46},"end":{"line":2,"column":47}},"loc":{"start":{"line":2,"column":87},"end":{"line":7,"column":1}},"line":2},"1":{"name":"(anonymous_1)","decl":{"start":{"line":8,"column":44},"end":{"line":8,"column":45}},"loc":{"start":{"line":8,"column":89},"end":{"line":16,"column":1}},"line":8},"2":{"name":"adopt","decl":{"start":{"line":9,"column":13},"end":{"line":9,"column":18}},"loc":{"start":{"line":9,"column":26},"end":{"line":9,"column":112}},"line":9},"3":{"name":"(anonymous_3)","decl":{"start":{"line":9,"column":70},"end":{"line":9,"column":71}},"loc":{"start":{"line":9,"column":89},"end":{"line":9,"column":108}},"line":9},"4":{"name":"(anonymous_4)","decl":{"start":{"line":10,"column":36},"end":{"line":10,"column":37}},"loc":{"start":{"line":10,"column":63},"end":{"line":15,"column":5}},"line":10},"5":{"name":"fulfilled","decl":{"start":{"line":11,"column":17},"end":{"line":11,"column":26}},"loc":{"start":{"line":11,"column":34},"end":{"line":11,"column":99}},"line":11},"6":{"name":"rejected","decl":{"start":{"line":12,"column":17},"end":{"line":12,"column":25}},"loc":{"start":{"line":12,"column":33},"end":{"line":12,"column":102}},"line":12},"7":{"name":"step","decl":{"start":{"line":13,"column":17},"end":{"line":13,"column":21}},"loc":{"start":{"line":13,"column":30},"end":{"line":13,"column":118}},"line":13},"8":{"name":"(anonymous_8)","decl":{"start":{"line":17,"column":52},"end":{"line":17,"column":53}},"loc":{"start":{"line":17,"column":65},"end":{"line":23,"column":1}},"line":17},"9":{"name":"(anonymous_9)","decl":{"start":{"line":20,"column":180},"end":{"line":20,"column":181}},"loc":{"start":{"line":20,"column":192},"end":{"line":20,"column":208}},"line":20},"10":{"name":"verb","decl":{"start":{"line":21,"column":13},"end":{"line":21,"column":17}},"loc":{"start":{"line":21,"column":21},"end":{"line":21,"column":164}},"line":21},"11":{"name":"(anonymous_11)","decl":{"start":{"line":21,"column":38},"end":{"line":21,"column":39}},"loc":{"start":{"line":21,"column":51},"end":{"line":21,"column":161}},"line":21},"12":{"name":"(anonymous_12)","decl":{"start":{"line":21,"column":72},"end":{"line":21,"column":73}},"loc":{"start":{"line":21,"column":99},"end":{"line":21,"column":157}},"line":21},"13":{"name":"settle","decl":{"start":{"line":22,"column":13},"end":{"line":22,"column":19}},"loc":{"start":{"line":22,"column":43},"end":{"line":22,"column":128}},"line":22},"14":{"name":"(anonymous_14)","decl":{"start":{"line":22,"column":69},"end":{"line":22,"column":70}},"loc":{"start":{"line":22,"column":81},"end":{"line":22,"column":116}},"line":22},"15":{"name":"(anonymous_15)","decl":{"start":{"line":33,"column":4},"end":{"line":33,"column":5}},"loc":{"start":{"line":33,"column":28},"end":{"line":41,"column":5}},"line":33},"16":{"name":"(anonymous_16)","decl":{"start":{"line":42,"column":4},"end":{"line":42,"column":5}},"loc":{"start":{"line":42,"column":44},"end":{"line":51,"column":5}},"line":42},"17":{"name":"(anonymous_17)","decl":{"start":{"line":52,"column":4},"end":{"line":52,"column":5}},"loc":{"start":{"line":52,"column":75},"end":{"line":88,"column":5}},"line":52},"18":{"name":"(anonymous_18)","decl":{"start":{"line":53,"column":47},"end":{"line":53,"column":48}},"loc":{"start":{"line":53,"column":60},"end":{"line":87,"column":9}},"line":53},"19":{"name":"(anonymous_19)","decl":{"start":{"line":89,"column":4},"end":{"line":89,"column":5}},"loc":{"start":{"line":89,"column":36},"end":{"line":105,"column":5}},"line":89},"20":{"name":"(anonymous_20)","decl":{"start":{"line":97,"column":28},"end":{"line":97,"column":29}},"loc":{"start":{"line":97,"column":38},"end":{"line":101,"column":18}},"line":97},"21":{"name":"(anonymous_21)","decl":{"start":{"line":97,"column":70},"end":{"line":97,"column":71}},"loc":{"start":{"line":97,"column":83},"end":{"line":101,"column":17}},"line":97},"22":{"name":"(anonymous_22)","decl":{"start":{"line":106,"column":4},"end":{"line":106,"column":5}},"loc":{"start":{"line":106,"column":52},"end":{"line":118,"column":5}},"line":106},"23":{"name":"(anonymous_23)","decl":{"start":{"line":110,"column":28},"end":{"line":110,"column":29}},"loc":{"start":{"line":110,"column":47},"end":{"line":114,"column":18}},"line":110},"24":{"name":"(anonymous_24)","decl":{"start":{"line":110,"column":79},"end":{"line":110,"column":80}},"loc":{"start":{"line":110,"column":92},"end":{"line":114,"column":17}},"line":110}},"branchMap":{"0":{"loc":{"start":{"line":2,"column":17},"end":{"line":7,"column":1}},"type":"binary-expr","locations":[{"start":{"line":2,"column":18},"end":{"line":2,"column":22}},{"start":{"line":2,"column":26},"end":{"line":2,"column":41}},{"start":{"line":2,"column":46},"end":{"line":7,"column":1}}],"line":2},"1":{"loc":{"start":{"line":3,"column":34},"end":{"line":3,"column":125}},"type":"cond-expr","locations":[{"start":{"line":3,"column":42},"end":{"line":3,"column":48}},{"start":{"line":3,"column":51},"end":{"line":3,"column":125}}],"line":3},"2":{"loc":{"start":{"line":3,"column":51},"end":{"line":3,"column":125}},"type":"cond-expr","locations":[{"start":{"line":3,"column":67},"end":{"line":3,"column":118}},{"start":{"line":3,"column":121},"end":{"line":3,"column":125}}],"line":3},"3":{"loc":{"start":{"line":4,"column":4},"end":{"line":5,"column":150}},"type":"if","locations":[{"start":{"line":4,"column":4},"end":{"line":5,"column":150}},{"start":{"line":5,"column":9},"end":{"line":5,"column":150}}],"line":4},"4":{"loc":{"start":{"line":4,"column":8},"end":{"line":4,"column":77}},"type":"binary-expr","locations":[{"start":{"line":4,"column":8},"end":{"line":4,"column":35}},{"start":{"line":4,"column":39},"end":{"line":4,"column":77}}],"line":4},"5":{"loc":{"start":{"line":5,"column":58},"end":{"line":5,"column":150}},"type":"if","locations":[{"start":{"line":5,"column":58},"end":{"line":5,"column":150}},{"start":{},"end":{}}],"line":5},"6":{"loc":{"start":{"line":5,"column":85},"end":{"line":5,"column":149}},"type":"binary-expr","locations":[{"start":{"line":5,"column":86},"end":{"line":5,"column":143}},{"start":{"line":5,"column":148},"end":{"line":5,"column":149}}],"line":5},"7":{"loc":{"start":{"line":5,"column":86},"end":{"line":5,"column":143}},"type":"cond-expr","locations":[{"start":{"line":5,"column":94},"end":{"line":5,"column":98}},{"start":{"line":5,"column":101},"end":{"line":5,"column":143}}],"line":5},"8":{"loc":{"start":{"line":5,"column":101},"end":{"line":5,"column":143}},"type":"cond-expr","locations":[{"start":{"line":5,"column":109},"end":{"line":5,"column":126}},{"start":{"line":5,"column":129},"end":{"line":5,"column":143}}],"line":5},"9":{"loc":{"start":{"line":6,"column":11},"end":{"line":6,"column":62}},"type":"binary-expr","locations":[{"start":{"line":6,"column":11},"end":{"line":6,"column":16}},{"start":{"line":6,"column":20},"end":{"line":6,"column":21}},{"start":{"line":6,"column":25},"end":{"line":6,"column":62}}],"line":6},"10":{"loc":{"start":{"line":8,"column":16},"end":{"line":16,"column":1}},"type":"binary-expr","locations":[{"start":{"line":8,"column":17},"end":{"line":8,"column":21}},{"start":{"line":8,"column":25},"end":{"line":8,"column":39}},{"start":{"line":8,"column":44},"end":{"line":16,"column":1}}],"line":8},"11":{"loc":{"start":{"line":9,"column":35},"end":{"line":9,"column":109}},"type":"cond-expr","locations":[{"start":{"line":9,"column":56},"end":{"line":9,"column":61}},{"start":{"line":9,"column":64},"end":{"line":9,"column":109}}],"line":9},"12":{"loc":{"start":{"line":10,"column":16},"end":{"line":10,"column":34}},"type":"binary-expr","locations":[{"start":{"line":10,"column":16},"end":{"line":10,"column":17}},{"start":{"line":10,"column":22},"end":{"line":10,"column":33}}],"line":10},"13":{"loc":{"start":{"line":13,"column":32},"end":{"line":13,"column":115}},"type":"cond-expr","locations":[{"start":{"line":13,"column":46},"end":{"line":13,"column":67}},{"start":{"line":13,"column":70},"end":{"line":13,"column":115}}],"line":13},"14":{"loc":{"start":{"line":14,"column":51},"end":{"line":14,"column":67}},"type":"binary-expr","locations":[{"start":{"line":14,"column":51},"end":{"line":14,"column":61}},{"start":{"line":14,"column":65},"end":{"line":14,"column":67}}],"line":14},"15":{"loc":{"start":{"line":17,"column":20},"end":{"line":23,"column":1}},"type":"binary-expr","locations":[{"start":{"line":17,"column":21},"end":{"line":17,"column":25}},{"start":{"line":17,"column":29},"end":{"line":17,"column":47}},{"start":{"line":17,"column":52},"end":{"line":23,"column":1}}],"line":17},"16":{"loc":{"start":{"line":18,"column":4},"end":{"line":18,"column":91}},"type":"if","locations":[{"start":{"line":18,"column":4},"end":{"line":18,"column":91}},{"start":{},"end":{}}],"line":18},"17":{"loc":{"start":{"line":20,"column":11},"end":{"line":20,"column":212}},"type":"cond-expr","locations":[{"start":{"line":20,"column":15},"end":{"line":20,"column":24}},{"start":{"line":20,"column":28},"end":{"line":20,"column":211}}],"line":20},"18":{"loc":{"start":{"line":20,"column":32},"end":{"line":20,"column":99}},"type":"cond-expr","locations":[{"start":{"line":20,"column":65},"end":{"line":20,"column":76}},{"start":{"line":20,"column":79},"end":{"line":20,"column":99}}],"line":20},"19":{"loc":{"start":{"line":21,"column":30},"end":{"line":21,"column":161}},"type":"binary-expr","locations":[{"start":{"line":21,"column":30},"end":{"line":21,"column":34}},{"start":{"line":21,"column":38},"end":{"line":21,"column":161}}],"line":21},"20":{"loc":{"start":{"line":65,"column":24},"end":{"line":67,"column":25}},"type":"if","locations":[{"start":{"line":65,"column":24},"end":{"line":67,"column":25}},{"start":{},"end":{}}],"line":65},"21":{"loc":{"start":{"line":73,"column":24},"end":{"line":73,"column":96}},"type":"if","locations":[{"start":{"line":73,"column":24},"end":{"line":73,"column":96}},{"start":{},"end":{}}],"line":73},"22":{"loc":{"start":{"line":73,"column":28},"end":{"line":73,"column":67}},"type":"binary-expr","locations":[{"start":{"line":73,"column":28},"end":{"line":73,"column":31}},{"start":{"line":73,"column":35},"end":{"line":73,"column":38}},{"start":{"line":73,"column":43},"end":{"line":73,"column":66}}],"line":73},"23":{"loc":{"start":{"line":75,"column":30},"end":{"line":75,"column":55}},"type":"if","locations":[{"start":{"line":75,"column":30},"end":{"line":75,"column":55}},{"start":{},"end":{}}],"line":75},"24":{"loc":{"start":{"line":80,"column":16},"end":{"line":85,"column":17}},"type":"if","locations":[{"start":{"line":80,"column":16},"end":{"line":85,"column":17}},{"start":{"line":83,"column":21},"end":{"line":85,"column":17}}],"line":80},"25":{"loc":{"start":{"line":98,"column":109},"end":{"line":100,"column":31}},"type":"cond-expr","locations":[{"start":{"line":99,"column":26},"end":{"line":99,"column":59}},{"start":{"line":100,"column":26},"end":{"line":100,"column":31}}],"line":98},"26":{"loc":{"start":{"line":111,"column":165},"end":{"line":113,"column":31}},"type":"cond-expr","locations":[{"start":{"line":112,"column":26},"end":{"line":112,"column":90}},{"start":{"line":113,"column":26},"end":{"line":113,"column":31}}],"line":111}},"s":{"0":1,"1":1,"2":1,"3":1,"4":1,"5":0,"6":0,"7":0,"8":0,"9":1,"10":1,"11":6,"12":0,"13":3,"14":4,"15":4,"16":0,"17":2,"18":2,"19":1,"20":8,"21":3,"22":1,"23":3,"24":0,"25":3,"26":3,"27":0,"28":0,"29":0,"30":0,"31":0,"32":0,"33":1,"34":1,"35":1,"36":1,"37":1,"38":1,"39":1,"40":1,"41":0,"42":0,"43":0,"44":3,"45":3,"46":3,"47":3,"48":3,"49":3,"50":3,"51":3,"52":3,"53":3,"54":3,"55":3,"56":3,"57":3,"58":2,"59":3,"60":3,"61":0,"62":3,"63":2,"64":1,"65":2,"66":1,"67":1,"68":0,"69":0,"70":0,"71":0,"72":0,"73":0,"74":1,"75":1,"76":1},"f":{"0":1,"1":3,"2":6,"3":0,"4":3,"5":4,"6":2,"7":8,"8":3,"9":0,"10":0,"11":0,"12":0,"13":0,"14":0,"15":0,"16":0,"17":3,"18":3,"19":0,"20":0,"21":0,"22":0,"23":0,"24":0},"b":{"0":[1,1,1],"1":[1,0],"2":[0,0],"3":[1,0],"4":[1,1],"5":[0,0],"6":[0,0],"7":[0,0],"8":[0,0],"9":[1,0,0],"10":[1,1,1],"11":[6,0],"12":[3,3],"13":[2,6],"14":[3,3],"15":[1,1,1],"16":[0,3],"17":[3,0],"18":[0,0],"19":[0,0],"20":[3,0],"21":[0,3],"22":[3,0,0],"23":[2,1],"24":[1,1],"25":[0,0],"26":[0,0]},"_coverageSchema":"1a1c01bbd47fc00a2c39e90264f33305004495a9","hash":"0c89f72d32e7d0104ae3ecd951b93e391b4688ec"}
,"/Users/parikmaan/Work/Code/param-store-service/src/service/index.ts": {"path":"/Users/parikmaan/Work/Code/param-store-service/src/service/index.ts","statementMap":{"0":{"start":{"line":2,"column":0},"end":{"line":2,"column":62}},"1":{"start":{"line":3,"column":0},"end":{"line":3,"column":35}},"2":{"start":{"line":4,"column":30},"end":{"line":4,"column":62}},"3":{"start":{"line":5,"column":0},"end":{"line":5,"column":144}},"4":{"start":{"line":5,"column":91},"end":{"line":5,"column":138}}},"fnMap":{"0":{"name":"(anonymous_0)","decl":{"start":{"line":5,"column":77},"end":{"line":5,"column":78}},"loc":{"start":{"line":5,"column":89},"end":{"line":5,"column":140}},"line":5}},"branchMap":{},"s":{"0":1,"1":1,"2":1,"3":1,"4":0},"f":{"0":0},"b":{},"_coverageSchema":"1a1c01bbd47fc00a2c39e90264f33305004495a9","hash":"02b96ece641f7a9ec3dcc3cf09c61148b74c1f77"}
,"/Users/parikmaan/Work/Code/param-store-service/src/service/param-store.service.ts": {"path":"/Users/parikmaan/Work/Code/param-store-service/src/service/param-store.service.ts","statementMap":{"0":{"start":{"line":2,"column":17},"end":{"line":7,"column":1}},"1":{"start":{"line":3,"column":12},"end":{"line":3,"column":28}},"2":{"start":{"line":3,"column":34},"end":{"line":3,"column":125}},"3":{"start":{"line":4,"column":4},"end":{"line":5,"column":150}},"4":{"start":{"line":4,"column":79},"end":{"line":4,"column":131}},"5":{"start":{"line":5,"column":9},"end":{"line":5,"column":150}},"6":{"start":{"line":5,"column":22},"end":{"line":5,"column":43}},"7":{"start":{"line":5,"column":58},"end":{"line":5,"column":150}},"8":{"start":{"line":5,"column":81},"end":{"line":5,"column":150}},"9":{"start":{"line":6,"column":4},"end":{"line":6,"column":66}},"10":{"start":{"line":8,"column":17},"end":{"line":10,"column":1}},"11":{"start":{"line":9,"column":4},"end":{"line":9,"column":109}},"12":{"start":{"line":9,"column":79},"end":{"line":9,"column":109}},"13":{"start":{"line":11,"column":14},"end":{"line":13,"column":1}},"14":{"start":{"line":12,"column":4},"end":{"line":12,"column":73}},"15":{"start":{"line":12,"column":36},"end":{"line":12,"column":71}},"16":{"start":{"line":14,"column":16},"end":{"line":22,"column":1}},"17":{"start":{"line":15,"column":28},"end":{"line":15,"column":110}},"18":{"start":{"line":15,"column":91},"end":{"line":15,"column":106}},"19":{"start":{"line":16,"column":4},"end":{"line":21,"column":7}},"20":{"start":{"line":17,"column":36},"end":{"line":17,"column":97}},"21":{"start":{"line":17,"column":42},"end":{"line":17,"column":70}},"22":{"start":{"line":17,"column":85},"end":{"line":17,"column":95}},"23":{"start":{"line":18,"column":35},"end":{"line":18,"column":100}},"24":{"start":{"line":18,"column":41},"end":{"line":18,"column":73}},"25":{"start":{"line":18,"column":88},"end":{"line":18,"column":98}},"26":{"start":{"line":19,"column":32},"end":{"line":19,"column":116}},"27":{"start":{"line":20,"column":8},"end":{"line":20,"column":78}},"28":{"start":{"line":23,"column":20},"end":{"line":29,"column":1}},"29":{"start":{"line":24,"column":4},"end":{"line":24,"column":91}},"30":{"start":{"line":24,"column":31},"end":{"line":24,"column":91}},"31":{"start":{"line":25,"column":12},"end":{"line":25,"column":35}},"32":{"start":{"line":26,"column":4},"end":{"line":26,"column":213}},"33":{"start":{"line":26,"column":194},"end":{"line":26,"column":206}},"34":{"start":{"line":27,"column":23},"end":{"line":27,"column":162}},"35":{"start":{"line":27,"column":53},"end":{"line":27,"column":159}},"36":{"start":{"line":27,"column":101},"end":{"line":27,"column":155}},"37":{"start":{"line":28,"column":45},"end":{"line":28,"column":126}},"38":{"start":{"line":28,"column":83},"end":{"line":28,"column":114}},"39":{"start":{"line":31,"column":0},"end":{"line":31,"column":62}},"40":{"start":{"line":32,"column":0},"end":{"line":32,"column":35}},"41":{"start":{"line":33,"column":17},"end":{"line":33,"column":42}},"42":{"start":{"line":34,"column":20},"end":{"line":34,"column":43}},"43":{"start":{"line":35,"column":21},"end":{"line":35,"column":51}},"44":{"start":{"line":36,"column":24},"end":{"line":139,"column":1}},"45":{"start":{"line":39,"column":8},"end":{"line":39,"column":31}},"46":{"start":{"line":40,"column":8},"end":{"line":40,"column":83}},"47":{"start":{"line":41,"column":8},"end":{"line":41,"column":46}},"48":{"start":{"line":42,"column":8},"end":{"line":42,"column":114}},"49":{"start":{"line":43,"column":8},"end":{"line":46,"column":11}},"50":{"start":{"line":44,"column":40},"end":{"line":44,"column":65}},"51":{"start":{"line":45,"column":12},"end":{"line":45,"column":109}},"52":{"start":{"line":47,"column":8},"end":{"line":47,"column":43}},"53":{"start":{"line":51,"column":26},"end":{"line":51,"column":56}},"54":{"start":{"line":52,"column":8},"end":{"line":57,"column":9}},"55":{"start":{"line":53,"column":12},"end":{"line":55,"column":13}},"56":{"start":{"line":54,"column":16},"end":{"line":54,"column":36}},"57":{"start":{"line":56,"column":12},"end":{"line":56,"column":60}},"58":{"start":{"line":58,"column":8},"end":{"line":58,"column":25}},"59":{"start":{"line":62,"column":20},"end":{"line":62,"column":96}},"60":{"start":{"line":63,"column":20},"end":{"line":63,"column":31}},"61":{"start":{"line":64,"column":8},"end":{"line":66,"column":9}},"62":{"start":{"line":65,"column":12},"end":{"line":65,"column":72}},"63":{"start":{"line":67,"column":8},"end":{"line":67,"column":19}},"64":{"start":{"line":71,"column":20},"end":{"line":71,"column":110}},"65":{"start":{"line":72,"column":8},"end":{"line":74,"column":9}},"66":{"start":{"line":73,"column":12},"end":{"line":73,"column":34}},"67":{"start":{"line":75,"column":8},"end":{"line":75,"column":69}},"68":{"start":{"line":79,"column":24},"end":{"line":79,"column":108}},"69":{"start":{"line":80,"column":8},"end":{"line":85,"column":9}},"70":{"start":{"line":81,"column":12},"end":{"line":81,"column":39}},"71":{"start":{"line":84,"column":12},"end":{"line":84,"column":78}},"72":{"start":{"line":89,"column":8},"end":{"line":94,"column":9}},"73":{"start":{"line":90,"column":12},"end":{"line":90,"column":47}},"74":{"start":{"line":93,"column":12},"end":{"line":93,"column":28}},"75":{"start":{"line":97,"column":8},"end":{"line":130,"column":11}},"76":{"start":{"line":99,"column":12},"end":{"line":129,"column":13}},"77":{"start":{"line":101,"column":35},"end":{"line":101,"column":37}},"78":{"start":{"line":102,"column":34},"end":{"line":102,"column":167}},"79":{"start":{"line":103,"column":16},"end":{"line":119,"column":17}},"80":{"start":{"line":104,"column":20},"end":{"line":111,"column":21}},"81":{"start":{"line":104,"column":34},"end":{"line":104,"column":38}},"82":{"start":{"line":104,"column":54},"end":{"line":104,"column":78}},"83":{"start":{"line":105,"column":24},"end":{"line":105,"column":49}},"84":{"start":{"line":106,"column":24},"end":{"line":106,"column":35}},"85":{"start":{"line":107,"column":37},"end":{"line":107,"column":39}},"86":{"start":{"line":108,"column":24},"end":{"line":110,"column":25}},"87":{"start":{"line":109,"column":28},"end":{"line":109,"column":64}},"88":{"start":{"line":113,"column":32},"end":{"line":113,"column":55}},"89":{"start":{"line":115,"column":20},"end":{"line":118,"column":57}},"90":{"start":{"line":116,"column":24},"end":{"line":116,"column":96}},"91":{"start":{"line":116,"column":69},"end":{"line":116,"column":96}},"92":{"start":{"line":118,"column":30},"end":{"line":118,"column":55}},"93":{"start":{"line":118,"column":39},"end":{"line":118,"column":55}},"94":{"start":{"line":120,"column":16},"end":{"line":120,"column":48}},"95":{"start":{"line":123,"column":16},"end":{"line":128,"column":17}},"96":{"start":{"line":124,"column":20},"end":{"line":124,"column":98}},"97":{"start":{"line":127,"column":20},"end":{"line":127,"column":32}},"98":{"start":{"line":133,"column":8},"end":{"line":133,"column":39}},"99":{"start":{"line":134,"column":8},"end":{"line":137,"column":11}},"100":{"start":{"line":135,"column":24},"end":{"line":135,"column":55}},"101":{"start":{"line":136,"column":12},"end":{"line":136,"column":61}},"102":{"start":{"line":140,"column":0},"end":{"line":140,"column":46}},"103":{"start":{"line":141,"column":0},"end":{"line":141,"column":73}},"104":{"start":{"line":142,"column":0},"end":{"line":147,"column":22}}},"fnMap":{"0":{"name":"(anonymous_0)","decl":{"start":{"line":2,"column":46},"end":{"line":2,"column":47}},"loc":{"start":{"line":2,"column":87},"end":{"line":7,"column":1}},"line":2},"1":{"name":"(anonymous_1)","decl":{"start":{"line":8,"column":46},"end":{"line":8,"column":47}},"loc":{"start":{"line":8,"column":62},"end":{"line":10,"column":1}},"line":8},"2":{"name":"(anonymous_2)","decl":{"start":{"line":11,"column":40},"end":{"line":11,"column":41}},"loc":{"start":{"line":11,"column":73},"end":{"line":13,"column":1}},"line":11},"3":{"name":"(anonymous_3)","decl":{"start":{"line":12,"column":11},"end":{"line":12,"column":12}},"loc":{"start":{"line":12,"column":34},"end":{"line":12,"column":73}},"line":12},"4":{"name":"(anonymous_4)","decl":{"start":{"line":14,"column":44},"end":{"line":14,"column":45}},"loc":{"start":{"line":14,"column":89},"end":{"line":22,"column":1}},"line":14},"5":{"name":"adopt","decl":{"start":{"line":15,"column":13},"end":{"line":15,"column":18}},"loc":{"start":{"line":15,"column":26},"end":{"line":15,"column":112}},"line":15},"6":{"name":"(anonymous_6)","decl":{"start":{"line":15,"column":70},"end":{"line":15,"column":71}},"loc":{"start":{"line":15,"column":89},"end":{"line":15,"column":108}},"line":15},"7":{"name":"(anonymous_7)","decl":{"start":{"line":16,"column":36},"end":{"line":16,"column":37}},"loc":{"start":{"line":16,"column":63},"end":{"line":21,"column":5}},"line":16},"8":{"name":"fulfilled","decl":{"start":{"line":17,"column":17},"end":{"line":17,"column":26}},"loc":{"start":{"line":17,"column":34},"end":{"line":17,"column":99}},"line":17},"9":{"name":"rejected","decl":{"start":{"line":18,"column":17},"end":{"line":18,"column":25}},"loc":{"start":{"line":18,"column":33},"end":{"line":18,"column":102}},"line":18},"10":{"name":"step","decl":{"start":{"line":19,"column":17},"end":{"line":19,"column":21}},"loc":{"start":{"line":19,"column":30},"end":{"line":19,"column":118}},"line":19},"11":{"name":"(anonymous_11)","decl":{"start":{"line":23,"column":52},"end":{"line":23,"column":53}},"loc":{"start":{"line":23,"column":65},"end":{"line":29,"column":1}},"line":23},"12":{"name":"(anonymous_12)","decl":{"start":{"line":26,"column":180},"end":{"line":26,"column":181}},"loc":{"start":{"line":26,"column":192},"end":{"line":26,"column":208}},"line":26},"13":{"name":"verb","decl":{"start":{"line":27,"column":13},"end":{"line":27,"column":17}},"loc":{"start":{"line":27,"column":21},"end":{"line":27,"column":164}},"line":27},"14":{"name":"(anonymous_14)","decl":{"start":{"line":27,"column":38},"end":{"line":27,"column":39}},"loc":{"start":{"line":27,"column":51},"end":{"line":27,"column":161}},"line":27},"15":{"name":"(anonymous_15)","decl":{"start":{"line":27,"column":72},"end":{"line":27,"column":73}},"loc":{"start":{"line":27,"column":99},"end":{"line":27,"column":157}},"line":27},"16":{"name":"settle","decl":{"start":{"line":28,"column":13},"end":{"line":28,"column":19}},"loc":{"start":{"line":28,"column":43},"end":{"line":28,"column":128}},"line":28},"17":{"name":"(anonymous_17)","decl":{"start":{"line":28,"column":69},"end":{"line":28,"column":70}},"loc":{"start":{"line":28,"column":81},"end":{"line":28,"column":116}},"line":28},"18":{"name":"(anonymous_18)","decl":{"start":{"line":37,"column":4},"end":{"line":37,"column":5}},"loc":{"start":{"line":37,"column":40},"end":{"line":48,"column":5}},"line":37},"19":{"name":"(anonymous_19)","decl":{"start":{"line":43,"column":30},"end":{"line":43,"column":31}},"loc":{"start":{"line":43,"column":45},"end":{"line":46,"column":9}},"line":43},"20":{"name":"(anonymous_20)","decl":{"start":{"line":50,"column":4},"end":{"line":50,"column":5}},"loc":{"start":{"line":50,"column":27},"end":{"line":59,"column":5}},"line":50},"21":{"name":"(anonymous_21)","decl":{"start":{"line":61,"column":4},"end":{"line":61,"column":5}},"loc":{"start":{"line":61,"column":35},"end":{"line":68,"column":5}},"line":61},"22":{"name":"(anonymous_22)","decl":{"start":{"line":70,"column":4},"end":{"line":70,"column":5}},"loc":{"start":{"line":70,"column":34},"end":{"line":76,"column":5}},"line":70},"23":{"name":"(anonymous_23)","decl":{"start":{"line":78,"column":4},"end":{"line":78,"column":5}},"loc":{"start":{"line":78,"column":31},"end":{"line":86,"column":5}},"line":78},"24":{"name":"(anonymous_24)","decl":{"start":{"line":88,"column":4},"end":{"line":88,"column":5}},"loc":{"start":{"line":88,"column":32},"end":{"line":95,"column":5}},"line":88},"25":{"name":"(anonymous_25)","decl":{"start":{"line":96,"column":4},"end":{"line":96,"column":5}},"loc":{"start":{"line":96,"column":14},"end":{"line":131,"column":5}},"line":96},"26":{"name":"(anonymous_26)","decl":{"start":{"line":97,"column":47},"end":{"line":97,"column":48}},"loc":{"start":{"line":97,"column":60},"end":{"line":130,"column":9}},"line":97},"27":{"name":"(anonymous_27)","decl":{"start":{"line":132,"column":4},"end":{"line":132,"column":5}},"loc":{"start":{"line":132,"column":31},"end":{"line":138,"column":5}},"line":132},"28":{"name":"(anonymous_28)","decl":{"start":{"line":134,"column":27},"end":{"line":134,"column":28}},"loc":{"start":{"line":134,"column":42},"end":{"line":137,"column":9}},"line":134}},"branchMap":{"0":{"loc":{"start":{"line":2,"column":17},"end":{"line":7,"column":1}},"type":"binary-expr","locations":[{"start":{"line":2,"column":18},"end":{"line":2,"column":22}},{"start":{"line":2,"column":26},"end":{"line":2,"column":41}},{"start":{"line":2,"column":46},"end":{"line":7,"column":1}}],"line":2},"1":{"loc":{"start":{"line":3,"column":34},"end":{"line":3,"column":125}},"type":"cond-expr","locations":[{"start":{"line":3,"column":42},"end":{"line":3,"column":48}},{"start":{"line":3,"column":51},"end":{"line":3,"column":125}}],"line":3},"2":{"loc":{"start":{"line":3,"column":51},"end":{"line":3,"column":125}},"type":"cond-expr","locations":[{"start":{"line":3,"column":67},"end":{"line":3,"column":118}},{"start":{"line":3,"column":121},"end":{"line":3,"column":125}}],"line":3},"3":{"loc":{"start":{"line":4,"column":4},"end":{"line":5,"column":150}},"type":"if","locations":[{"start":{"line":4,"column":4},"end":{"line":5,"column":150}},{"start":{"line":5,"column":9},"end":{"line":5,"column":150}}],"line":4},"4":{"loc":{"start":{"line":4,"column":8},"end":{"line":4,"column":77}},"type":"binary-expr","locations":[{"start":{"line":4,"column":8},"end":{"line":4,"column":35}},{"start":{"line":4,"column":39},"end":{"line":4,"column":77}}],"line":4},"5":{"loc":{"start":{"line":5,"column":58},"end":{"line":5,"column":150}},"type":"if","locations":[{"start":{"line":5,"column":58},"end":{"line":5,"column":150}},{"start":{},"end":{}}],"line":5},"6":{"loc":{"start":{"line":5,"column":85},"end":{"line":5,"column":149}},"type":"binary-expr","locations":[{"start":{"line":5,"column":86},"end":{"line":5,"column":143}},{"start":{"line":5,"column":148},"end":{"line":5,"column":149}}],"line":5},"7":{"loc":{"start":{"line":5,"column":86},"end":{"line":5,"column":143}},"type":"cond-expr","locations":[{"start":{"line":5,"column":94},"end":{"line":5,"column":98}},{"start":{"line":5,"column":101},"end":{"line":5,"column":143}}],"line":5},"8":{"loc":{"start":{"line":5,"column":101},"end":{"line":5,"column":143}},"type":"cond-expr","locations":[{"start":{"line":5,"column":109},"end":{"line":5,"column":126}},{"start":{"line":5,"column":129},"end":{"line":5,"column":143}}],"line":5},"9":{"loc":{"start":{"line":6,"column":11},"end":{"line":6,"column":62}},"type":"binary-expr","locations":[{"start":{"line":6,"column":11},"end":{"line":6,"column":16}},{"start":{"line":6,"column":20},"end":{"line":6,"column":21}},{"start":{"line":6,"column":25},"end":{"line":6,"column":62}}],"line":6},"10":{"loc":{"start":{"line":8,"column":17},"end":{"line":10,"column":1}},"type":"binary-expr","locations":[{"start":{"line":8,"column":18},"end":{"line":8,"column":22}},{"start":{"line":8,"column":26},"end":{"line":8,"column":41}},{"start":{"line":8,"column":46},"end":{"line":10,"column":1}}],"line":8},"11":{"loc":{"start":{"line":9,"column":4},"end":{"line":9,"column":109}},"type":"if","locations":[{"start":{"line":9,"column":4},"end":{"line":9,"column":109}},{"start":{},"end":{}}],"line":9},"12":{"loc":{"start":{"line":9,"column":8},"end":{"line":9,"column":77}},"type":"binary-expr","locations":[{"start":{"line":9,"column":8},"end":{"line":9,"column":35}},{"start":{"line":9,"column":39},"end":{"line":9,"column":77}}],"line":9},"13":{"loc":{"start":{"line":11,"column":14},"end":{"line":13,"column":1}},"type":"binary-expr","locations":[{"start":{"line":11,"column":15},"end":{"line":11,"column":19}},{"start":{"line":11,"column":23},"end":{"line":11,"column":35}},{"start":{"line":11,"column":40},"end":{"line":13,"column":1}}],"line":11},"14":{"loc":{"start":{"line":14,"column":16},"end":{"line":22,"column":1}},"type":"binary-expr","locations":[{"start":{"line":14,"column":17},"end":{"line":14,"column":21}},{"start":{"line":14,"column":25},"end":{"line":14,"column":39}},{"start":{"line":14,"column":44},"end":{"line":22,"column":1}}],"line":14},"15":{"loc":{"start":{"line":15,"column":35},"end":{"line":15,"column":109}},"type":"cond-expr","locations":[{"start":{"line":15,"column":56},"end":{"line":15,"column":61}},{"start":{"line":15,"column":64},"end":{"line":15,"column":109}}],"line":15},"16":{"loc":{"start":{"line":16,"column":16},"end":{"line":16,"column":34}},"type":"binary-expr","locations":[{"start":{"line":16,"column":16},"end":{"line":16,"column":17}},{"start":{"line":16,"column":22},"end":{"line":16,"column":33}}],"line":16},"17":{"loc":{"start":{"line":19,"column":32},"end":{"line":19,"column":115}},"type":"cond-expr","locations":[{"start":{"line":19,"column":46},"end":{"line":19,"column":67}},{"start":{"line":19,"column":70},"end":{"line":19,"column":115}}],"line":19},"18":{"loc":{"start":{"line":20,"column":51},"end":{"line":20,"column":67}},"type":"binary-expr","locations":[{"start":{"line":20,"column":51},"end":{"line":20,"column":61}},{"start":{"line":20,"column":65},"end":{"line":20,"column":67}}],"line":20},"19":{"loc":{"start":{"line":23,"column":20},"end":{"line":29,"column":1}},"type":"binary-expr","locations":[{"start":{"line":23,"column":21},"end":{"line":23,"column":25}},{"start":{"line":23,"column":29},"end":{"line":23,"column":47}},{"start":{"line":23,"column":52},"end":{"line":29,"column":1}}],"line":23},"20":{"loc":{"start":{"line":24,"column":4},"end":{"line":24,"column":91}},"type":"if","locations":[{"start":{"line":24,"column":4},"end":{"line":24,"column":91}},{"start":{},"end":{}}],"line":24},"21":{"loc":{"start":{"line":26,"column":11},"end":{"line":26,"column":212}},"type":"cond-expr","locations":[{"start":{"line":26,"column":15},"end":{"line":26,"column":24}},{"start":{"line":26,"column":28},"end":{"line":26,"column":211}}],"line":26},"22":{"loc":{"start":{"line":26,"column":32},"end":{"line":26,"column":99}},"type":"cond-expr","locations":[{"start":{"line":26,"column":65},"end":{"line":26,"column":76}},{"start":{"line":26,"column":79},"end":{"line":26,"column":99}}],"line":26},"23":{"loc":{"start":{"line":27,"column":30},"end":{"line":27,"column":161}},"type":"binary-expr","locations":[{"start":{"line":27,"column":30},"end":{"line":27,"column":34}},{"start":{"line":27,"column":38},"end":{"line":27,"column":161}}],"line":27},"24":{"loc":{"start":{"line":42,"column":31},"end":{"line":42,"column":113}},"type":"cond-expr","locations":[{"start":{"line":42,"column":103},"end":{"line":42,"column":105}},{"start":{"line":42,"column":108},"end":{"line":42,"column":113}}],"line":42},"25":{"loc":{"start":{"line":42,"column":31},"end":{"line":42,"column":100}},"type":"binary-expr","locations":[{"start":{"line":42,"column":31},"end":{"line":42,"column":83}},{"start":{"line":42,"column":87},"end":{"line":42,"column":100}}],"line":42},"26":{"loc":{"start":{"line":52,"column":8},"end":{"line":57,"column":9}},"type":"if","locations":[{"start":{"line":52,"column":8},"end":{"line":57,"column":9}},{"start":{},"end":{}}],"line":52},"27":{"loc":{"start":{"line":53,"column":12},"end":{"line":55,"column":13}},"type":"if","locations":[{"start":{"line":53,"column":12},"end":{"line":55,"column":13}},{"start":{},"end":{}}],"line":53},"28":{"loc":{"start":{"line":62,"column":34},"end":{"line":62,"column":95}},"type":"cond-expr","locations":[{"start":{"line":62,"column":63},"end":{"line":62,"column":83}},{"start":{"line":62,"column":86},"end":{"line":62,"column":95}}],"line":62},"29":{"loc":{"start":{"line":64,"column":8},"end":{"line":66,"column":9}},"type":"if","locations":[{"start":{"line":64,"column":8},"end":{"line":66,"column":9}},{"start":{},"end":{}}],"line":64},"30":{"loc":{"start":{"line":71,"column":34},"end":{"line":71,"column":95}},"type":"cond-expr","locations":[{"start":{"line":71,"column":63},"end":{"line":71,"column":83}},{"start":{"line":71,"column":86},"end":{"line":71,"column":95}}],"line":71},"31":{"loc":{"start":{"line":72,"column":8},"end":{"line":74,"column":9}},"type":"if","locations":[{"start":{"line":72,"column":8},"end":{"line":74,"column":9}},{"start":{},"end":{}}],"line":72},"32":{"loc":{"start":{"line":72,"column":12},"end":{"line":72,"column":45}},"type":"binary-expr","locations":[{"start":{"line":72,"column":12},"end":{"line":72,"column":26}},{"start":{"line":72,"column":30},"end":{"line":72,"column":45}}],"line":72},"33":{"loc":{"start":{"line":79,"column":38},"end":{"line":79,"column":107}},"type":"cond-expr","locations":[{"start":{"line":79,"column":67},"end":{"line":79,"column":95}},{"start":{"line":79,"column":98},"end":{"line":79,"column":107}}],"line":79},"34":{"loc":{"start":{"line":108,"column":24},"end":{"line":110,"column":25}},"type":"if","locations":[{"start":{"line":108,"column":24},"end":{"line":110,"column":25}},{"start":{},"end":{}}],"line":108},"35":{"loc":{"start":{"line":116,"column":24},"end":{"line":116,"column":96}},"type":"if","locations":[{"start":{"line":116,"column":24},"end":{"line":116,"column":96}},{"start":{},"end":{}}],"line":116},"36":{"loc":{"start":{"line":116,"column":28},"end":{"line":116,"column":67}},"type":"binary-expr","locations":[{"start":{"line":116,"column":28},"end":{"line":116,"column":31}},{"start":{"line":116,"column":35},"end":{"line":116,"column":38}},{"start":{"line":116,"column":43},"end":{"line":116,"column":66}}],"line":116},"37":{"loc":{"start":{"line":118,"column":30},"end":{"line":118,"column":55}},"type":"if","locations":[{"start":{"line":118,"column":30},"end":{"line":118,"column":55}},{"start":{},"end":{}}],"line":118},"38":{"loc":{"start":{"line":123,"column":16},"end":{"line":128,"column":17}},"type":"if","locations":[{"start":{"line":123,"column":16},"end":{"line":128,"column":17}},{"start":{"line":126,"column":21},"end":{"line":128,"column":17}}],"line":123}},"s":{"0":2,"1":2,"2":2,"3":2,"4":2,"5":0,"6":0,"7":0,"8":0,"9":2,"10":2,"11":2,"12":2,"13":2,"14":4,"15":4,"16":2,"17":0,"18":0,"19":0,"20":0,"21":0,"22":0,"23":0,"24":0,"25":0,"26":0,"27":0,"28":2,"29":0,"30":0,"31":0,"32":0,"33":0,"34":0,"35":0,"36":0,"37":0,"38":0,"39":2,"40":2,"41":2,"42":2,"43":2,"44":2,"45":11,"46":11,"47":11,"48":11,"49":11,"50":11,"51":11,"52":0,"53":0,"54":0,"55":0,"56":0,"57":0,"58":0,"59":0,"60":0,"61":0,"62":0,"63":0,"64":0,"65":0,"66":0,"67":0,"68":0,"69":0,"70":0,"71":0,"72":0,"73":0,"74":0,"75":0,"76":0,"77":0,"78":0,"79":0,"80":0,"81":0,"82":0,"83":0,"84":0,"85":0,"86":0,"87":0,"88":0,"89":0,"90":0,"91":0,"92":0,"93":0,"94":0,"95":0,"96":0,"97":0,"98":0,"99":0,"100":0,"101":0,"102":2,"103":2,"104":2},"f":{"0":2,"1":2,"2":4,"3":4,"4":0,"5":0,"6":0,"7":0,"8":0,"9":0,"10":0,"11":0,"12":0,"13":0,"14":0,"15":0,"16":0,"17":0,"18":11,"19":11,"20":0,"21":0,"22":0,"23":0,"24":0,"25":0,"26":0,"27":0,"28":0},"b":{"0":[2,2,2],"1":[2,0],"2":[0,0],"3":[2,0],"4":[2,2],"5":[0,0],"6":[0,0],"7":[0,0],"8":[0,0],"9":[2,0,0],"10":[2,2,2],"11":[2,0],"12":[2,2],"13":[2,2,2],"14":[2,2,2],"15":[0,0],"16":[0,0],"17":[0,0],"18":[0,0],"19":[2,2,2],"20":[0,0],"21":[0,0],"22":[0,0],"23":[0,0],"24":[11,0],"25":[11,11],"26":[0,0],"27":[0,0],"28":[0,0],"29":[0,0],"30":[0,0],"31":[0,0],"32":[0,0],"33":[0,0],"34":[0,0],"35":[0,0],"36":[0,0,0],"37":[0,0],"38":[0,0]},"_coverageSchema":"1a1c01bbd47fc00a2c39e90264f33305004495a9","hash":"282ee126fff96e036449857eaa1202794f210b10"}
,"/Users/parikmaan/Work/Code/param-store-service/src/util/index.ts": {"path":"/Users/parikmaan/Work/Code/param-store-service/src/util/index.ts","statementMap":{"0":{"start":{"line":2,"column":0},"end":{"line":2,"column":62}},"1":{"start":{"line":3,"column":0},"end":{"line":3,"column":39}},"2":{"start":{"line":4,"column":20},"end":{"line":4,"column":42}},"3":{"start":{"line":5,"column":0},"end":{"line":5,"column":142}},"4":{"start":{"line":5,"column":95},"end":{"line":5,"column":136}}},"fnMap":{"0":{"name":"(anonymous_0)","decl":{"start":{"line":5,"column":81},"end":{"line":5,"column":82}},"loc":{"start":{"line":5,"column":93},"end":{"line":5,"column":138}},"line":5}},"branchMap":{},"s":{"0":1,"1":1,"2":1,"3":1,"4":11},"f":{"0":11},"b":{},"_coverageSchema":"1a1c01bbd47fc00a2c39e90264f33305004495a9","hash":"988c7791e100835413509bb94039ea3bff569917"}
,"/Users/parikmaan/Work/Code/param-store-service/src/util/ssm-utils.ts": {"path":"/Users/parikmaan/Work/Code/param-store-service/src/util/ssm-utils.ts","statementMap":{"0":{"start":{"line":2,"column":16},"end":{"line":10,"column":1}},"1":{"start":{"line":3,"column":28},"end":{"line":3,"column":110}},"2":{"start":{"line":3,"column":91},"end":{"line":3,"column":106}},"3":{"start":{"line":4,"column":4},"end":{"line":9,"column":7}},"4":{"start":{"line":5,"column":36},"end":{"line":5,"column":97}},"5":{"start":{"line":5,"column":42},"end":{"line":5,"column":70}},"6":{"start":{"line":5,"column":85},"end":{"line":5,"column":95}},"7":{"start":{"line":6,"column":35},"end":{"line":6,"column":100}},"8":{"start":{"line":6,"column":41},"end":{"line":6,"column":73}},"9":{"start":{"line":6,"column":88},"end":{"line":6,"column":98}},"10":{"start":{"line":7,"column":32},"end":{"line":7,"column":116}},"11":{"start":{"line":8,"column":8},"end":{"line":8,"column":78}},"12":{"start":{"line":11,"column":20},"end":{"line":17,"column":1}},"13":{"start":{"line":12,"column":4},"end":{"line":12,"column":91}},"14":{"start":{"line":12,"column":31},"end":{"line":12,"column":91}},"15":{"start":{"line":13,"column":12},"end":{"line":13,"column":35}},"16":{"start":{"line":14,"column":4},"end":{"line":14,"column":213}},"17":{"start":{"line":14,"column":194},"end":{"line":14,"column":206}},"18":{"start":{"line":15,"column":23},"end":{"line":15,"column":162}},"19":{"start":{"line":15,"column":53},"end":{"line":15,"column":159}},"20":{"start":{"line":15,"column":101},"end":{"line":15,"column":155}},"21":{"start":{"line":16,"column":45},"end":{"line":16,"column":126}},"22":{"start":{"line":16,"column":83},"end":{"line":16,"column":114}},"23":{"start":{"line":18,"column":0},"end":{"line":18,"column":62}},"24":{"start":{"line":19,"column":0},"end":{"line":19,"column":54}},"25":{"start":{"line":20,"column":21},"end":{"line":20,"column":51}},"26":{"start":{"line":25,"column":4},"end":{"line":47,"column":7}},"27":{"start":{"line":27,"column":27},"end":{"line":27,"column":29}},"28":{"start":{"line":28,"column":26},"end":{"line":28,"column":149}},"29":{"start":{"line":29,"column":8},"end":{"line":45,"column":9}},"30":{"start":{"line":30,"column":12},"end":{"line":37,"column":13}},"31":{"start":{"line":30,"column":26},"end":{"line":30,"column":30}},"32":{"start":{"line":30,"column":46},"end":{"line":30,"column":70}},"33":{"start":{"line":31,"column":16},"end":{"line":31,"column":41}},"34":{"start":{"line":32,"column":16},"end":{"line":32,"column":27}},"35":{"start":{"line":33,"column":29},"end":{"line":33,"column":31}},"36":{"start":{"line":34,"column":16},"end":{"line":36,"column":17}},"37":{"start":{"line":35,"column":20},"end":{"line":35,"column":56}},"38":{"start":{"line":39,"column":24},"end":{"line":39,"column":47}},"39":{"start":{"line":41,"column":12},"end":{"line":44,"column":49}},"40":{"start":{"line":42,"column":16},"end":{"line":42,"column":88}},"41":{"start":{"line":42,"column":61},"end":{"line":42,"column":88}},"42":{"start":{"line":44,"column":22},"end":{"line":44,"column":47}},"43":{"start":{"line":44,"column":31},"end":{"line":44,"column":47}},"44":{"start":{"line":46,"column":8},"end":{"line":46,"column":26}}},"fnMap":{"0":{"name":"(anonymous_0)","decl":{"start":{"line":2,"column":44},"end":{"line":2,"column":45}},"loc":{"start":{"line":2,"column":89},"end":{"line":10,"column":1}},"line":2},"1":{"name":"adopt","decl":{"start":{"line":3,"column":13},"end":{"line":3,"column":18}},"loc":{"start":{"line":3,"column":26},"end":{"line":3,"column":112}},"line":3},"2":{"name":"(anonymous_2)","decl":{"start":{"line":3,"column":70},"end":{"line":3,"column":71}},"loc":{"start":{"line":3,"column":89},"end":{"line":3,"column":108}},"line":3},"3":{"name":"(anonymous_3)","decl":{"start":{"line":4,"column":36},"end":{"line":4,"column":37}},"loc":{"start":{"line":4,"column":63},"end":{"line":9,"column":5}},"line":4},"4":{"name":"fulfilled","decl":{"start":{"line":5,"column":17},"end":{"line":5,"column":26}},"loc":{"start":{"line":5,"column":34},"end":{"line":5,"column":99}},"line":5},"5":{"name":"rejected","decl":{"start":{"line":6,"column":17},"end":{"line":6,"column":25}},"loc":{"start":{"line":6,"column":33},"end":{"line":6,"column":102}},"line":6},"6":{"name":"step","decl":{"start":{"line":7,"column":17},"end":{"line":7,"column":21}},"loc":{"start":{"line":7,"column":30},"end":{"line":7,"column":118}},"line":7},"7":{"name":"(anonymous_7)","decl":{"start":{"line":11,"column":52},"end":{"line":11,"column":53}},"loc":{"start":{"line":11,"column":65},"end":{"line":17,"column":1}},"line":11},"8":{"name":"(anonymous_8)","decl":{"start":{"line":14,"column":180},"end":{"line":14,"column":181}},"loc":{"start":{"line":14,"column":192},"end":{"line":14,"column":208}},"line":14},"9":{"name":"verb","decl":{"start":{"line":15,"column":13},"end":{"line":15,"column":17}},"loc":{"start":{"line":15,"column":21},"end":{"line":15,"column":164}},"line":15},"10":{"name":"(anonymous_10)","decl":{"start":{"line":15,"column":38},"end":{"line":15,"column":39}},"loc":{"start":{"line":15,"column":51},"end":{"line":15,"column":161}},"line":15},"11":{"name":"(anonymous_11)","decl":{"start":{"line":15,"column":72},"end":{"line":15,"column":73}},"loc":{"start":{"line":15,"column":99},"end":{"line":15,"column":157}},"line":15},"12":{"name":"settle","decl":{"start":{"line":16,"column":13},"end":{"line":16,"column":19}},"loc":{"start":{"line":16,"column":43},"end":{"line":16,"column":128}},"line":16},"13":{"name":"(anonymous_13)","decl":{"start":{"line":16,"column":69},"end":{"line":16,"column":70}},"loc":{"start":{"line":16,"column":81},"end":{"line":16,"column":116}},"line":16},"14":{"name":"fetchAllSSMParameters","decl":{"start":{"line":24,"column":9},"end":{"line":24,"column":30}},"loc":{"start":{"line":24,"column":48},"end":{"line":48,"column":1}},"line":24},"15":{"name":"(anonymous_15)","decl":{"start":{"line":25,"column":43},"end":{"line":25,"column":44}},"loc":{"start":{"line":25,"column":56},"end":{"line":47,"column":5}},"line":25}},"branchMap":{"0":{"loc":{"start":{"line":2,"column":16},"end":{"line":10,"column":1}},"type":"binary-expr","locations":[{"start":{"line":2,"column":17},"end":{"line":2,"column":21}},{"start":{"line":2,"column":25},"end":{"line":2,"column":39}},{"start":{"line":2,"column":44},"end":{"line":10,"column":1}}],"line":2},"1":{"loc":{"start":{"line":3,"column":35},"end":{"line":3,"column":109}},"type":"cond-expr","locations":[{"start":{"line":3,"column":56},"end":{"line":3,"column":61}},{"start":{"line":3,"column":64},"end":{"line":3,"column":109}}],"line":3},"2":{"loc":{"start":{"line":4,"column":16},"end":{"line":4,"column":34}},"type":"binary-expr","locations":[{"start":{"line":4,"column":16},"end":{"line":4,"column":17}},{"start":{"line":4,"column":22},"end":{"line":4,"column":33}}],"line":4},"3":{"loc":{"start":{"line":7,"column":32},"end":{"line":7,"column":115}},"type":"cond-expr","locations":[{"start":{"line":7,"column":46},"end":{"line":7,"column":67}},{"start":{"line":7,"column":70},"end":{"line":7,"column":115}}],"line":7},"4":{"loc":{"start":{"line":8,"column":51},"end":{"line":8,"column":67}},"type":"binary-expr","locations":[{"start":{"line":8,"column":51},"end":{"line":8,"column":61}},{"start":{"line":8,"column":65},"end":{"line":8,"column":67}}],"line":8},"5":{"loc":{"start":{"line":11,"column":20},"end":{"line":17,"column":1}},"type":"binary-expr","locations":[{"start":{"line":11,"column":21},"end":{"line":11,"column":25}},{"start":{"line":11,"column":29},"end":{"line":11,"column":47}},{"start":{"line":11,"column":52},"end":{"line":17,"column":1}}],"line":11},"6":{"loc":{"start":{"line":12,"column":4},"end":{"line":12,"column":91}},"type":"if","locations":[{"start":{"line":12,"column":4},"end":{"line":12,"column":91}},{"start":{},"end":{}}],"line":12},"7":{"loc":{"start":{"line":14,"column":11},"end":{"line":14,"column":212}},"type":"cond-expr","locations":[{"start":{"line":14,"column":15},"end":{"line":14,"column":24}},{"start":{"line":14,"column":28},"end":{"line":14,"column":211}}],"line":14},"8":{"loc":{"start":{"line":14,"column":32},"end":{"line":14,"column":99}},"type":"cond-expr","locations":[{"start":{"line":14,"column":65},"end":{"line":14,"column":76}},{"start":{"line":14,"column":79},"end":{"line":14,"column":99}}],"line":14},"9":{"loc":{"start":{"line":15,"column":30},"end":{"line":15,"column":161}},"type":"binary-expr","locations":[{"start":{"line":15,"column":30},"end":{"line":15,"column":34}},{"start":{"line":15,"column":38},"end":{"line":15,"column":161}}],"line":15},"10":{"loc":{"start":{"line":34,"column":16},"end":{"line":36,"column":17}},"type":"if","locations":[{"start":{"line":34,"column":16},"end":{"line":36,"column":17}},{"start":{},"end":{}}],"line":34},"11":{"loc":{"start":{"line":42,"column":16},"end":{"line":42,"column":88}},"type":"if","locations":[{"start":{"line":42,"column":16},"end":{"line":42,"column":88}},{"start":{},"end":{}}],"line":42},"12":{"loc":{"start":{"line":42,"column":20},"end":{"line":42,"column":59}},"type":"binary-expr","locations":[{"start":{"line":42,"column":20},"end":{"line":42,"column":23}},{"start":{"line":42,"column":27},"end":{"line":42,"column":30}},{"start":{"line":42,"column":35},"end":{"line":42,"column":58}}],"line":42},"13":{"loc":{"start":{"line":44,"column":22},"end":{"line":44,"column":47}},"type":"if","locations":[{"start":{"line":44,"column":22},"end":{"line":44,"column":47}},{"start":{},"end":{}}],"line":44}},"s":{"0":1,"1":0,"2":0,"3":0,"4":0,"5":0,"6":0,"7":0,"8":0,"9":0,"10":0,"11":0,"12":1,"13":0,"14":0,"15":0,"16":0,"17":0,"18":0,"19":0,"20":0,"21":0,"22":0,"23":1,"24":1,"25":1,"26":0,"27":0,"28":0,"29":0,"30":0,"31":0,"32":0,"33":0,"34":0,"35":0,"36":0,"37":0,"38":0,"39":0,"40":0,"41":0,"42":0,"43":0,"44":0},"f":{"0":0,"1":0,"2":0,"3":0,"4":0,"5":0,"6":0,"7":0,"8":0,"9":0,"10":0,"11":0,"12":0,"13":0,"14":0,"15":0},"b":{"0":[1,1,1],"1":[0,0],"2":[0,0],"3":[0,0],"4":[0,0],"5":[1,1,1],"6":[0,0],"7":[0,0],"8":[0,0],"9":[0,0],"10":[0,0],"11":[0,0],"12":[0,0,0],"13":[0,0]},"_coverageSchema":"1a1c01bbd47fc00a2c39e90264f33305004495a9","hash":"2dcaa99fd711e2860824d7106e42162f03750543"}
}
