TN:
SF:src/constants.ts
FNF:0
FNH:0
DA:2,2
DA:3,2
DA:4,2
DA:5,2
DA:6,2
DA:7,2
DA:8,2
LF:7
LH:7
BRF:0
BRH:0
end_of_record
TN:
SF:src/index.ts
FN:5,(anonymous_0)
FN:7,(anonymous_1)
FN:9,(anonymous_2)
FNF:3
FNH:0
FNDA:0,(anonymous_0)
FNDA:0,(anonymous_1)
FNDA:0,(anonymous_2)
DA:2,0
DA:3,0
DA:4,0
DA:5,0
DA:6,0
DA:7,0
DA:8,0
DA:9,0
LF:8
LH:0
BRF:0
BRH:0
end_of_record
TN:
SF:src/interface/index.ts
FN:2,(anonymous_0)
FN:6,(anonymous_1)
FN:9,(anonymous_2)
FN:13,(anonymous_3)
FNF:4
FNH:0
FNDA:0,(anonymous_0)
FNDA:0,(anonymous_1)
FNDA:0,(anonymous_2)
FNDA:0,(anonymous_3)
DA:2,0
DA:3,0
DA:4,0
DA:5,0
DA:6,0
DA:8,0
DA:10,0
DA:11,0
DA:13,0
DA:14,0
DA:16,0
DA:17,0
DA:18,0
DA:19,0
LF:14
LH:0
BRDA:2,0,0,0
BRDA:2,0,1,0
BRDA:2,0,2,0
BRDA:2,1,0,0
BRDA:2,1,1,0
BRDA:3,2,0,0
BRDA:3,2,1,0
BRDA:5,3,0,0
BRDA:5,3,1,0
BRDA:5,4,0,0
BRDA:5,4,1,0
BRDA:5,5,0,0
BRDA:5,5,1,0
BRDA:5,6,0,0
BRDA:5,6,1,0
BRDA:10,7,0,0
BRDA:10,7,1,0
BRDA:13,8,0,0
BRDA:13,8,1,0
BRDA:13,8,2,0
BRDA:14,9,0,0
BRDA:14,9,1,0
BRDA:14,10,0,0
BRDA:14,10,1,0
BRF:24
BRH:0
end_of_record
TN:
SF:src/interface/module-async-options.interface.ts
FNF:0
FNH:0
DA:2,0
LF:1
LH:0
BRF:0
BRH:0
end_of_record
TN:
SF:src/interface/module-options.interface.ts
FNF:0
FNH:0
DA:2,0
LF:1
LH:0
BRF:0
BRH:0
end_of_record
TN:
SF:src/interface/param-store-parameters.interface.ts
FNF:0
FNH:0
DA:2,0
LF:1
LH:0
BRF:0
BRH:0
end_of_record
TN:
SF:src/module/index.ts
FN:5,(anonymous_0)
FNF:1
FNH:0
FNDA:0,(anonymous_0)
DA:2,0
DA:3,0
DA:4,0
DA:5,0
LF:4
LH:0
BRF:0
BRH:0
end_of_record
TN:
SF:src/module/param-store.module.ts
FN:2,(anonymous_0)
FN:8,(anonymous_1)
FN:9,adopt
FN:9,(anonymous_3)
FN:10,(anonymous_4)
FN:11,fulfilled
FN:12,rejected
FN:13,step
FN:17,(anonymous_8)
FN:20,(anonymous_9)
FN:21,verb
FN:21,(anonymous_11)
FN:21,(anonymous_12)
FN:22,settle
FN:22,(anonymous_14)
FN:33,(anonymous_15)
FN:42,(anonymous_16)
FN:52,(anonymous_17)
FN:53,(anonymous_18)
FN:89,(anonymous_19)
FN:97,(anonymous_20)
FN:97,(anonymous_21)
FN:106,(anonymous_22)
FN:110,(anonymous_23)
FN:110,(anonymous_24)
FNF:25
FNH:10
FNDA:1,(anonymous_0)
FNDA:3,(anonymous_1)
FNDA:6,adopt
FNDA:0,(anonymous_3)
FNDA:3,(anonymous_4)
FNDA:4,fulfilled
FNDA:2,rejected
FNDA:8,step
FNDA:3,(anonymous_8)
FNDA:0,(anonymous_9)
FNDA:0,verb
FNDA:0,(anonymous_11)
FNDA:0,(anonymous_12)
FNDA:0,settle
FNDA:0,(anonymous_14)
FNDA:0,(anonymous_15)
FNDA:0,(anonymous_16)
FNDA:3,(anonymous_17)
FNDA:3,(anonymous_18)
FNDA:0,(anonymous_19)
FNDA:0,(anonymous_20)
FNDA:0,(anonymous_21)
FNDA:0,(anonymous_22)
FNDA:0,(anonymous_23)
FNDA:0,(anonymous_24)
DA:2,1
DA:3,1
DA:4,1
DA:5,0
DA:6,1
DA:8,1
DA:9,6
DA:10,3
DA:11,4
DA:12,2
DA:13,8
DA:14,3
DA:17,1
DA:18,3
DA:19,3
DA:20,3
DA:21,0
DA:22,0
DA:25,1
DA:26,1
DA:27,1
DA:28,1
DA:29,1
DA:30,1
DA:31,1
DA:32,1
DA:34,0
DA:35,0
DA:43,0
DA:53,3
DA:55,3
DA:56,3
DA:58,3
DA:59,3
DA:60,3
DA:61,3
DA:62,3
DA:63,3
DA:64,3
DA:65,3
DA:66,3
DA:70,2
DA:72,3
DA:73,3
DA:75,3
DA:77,1
DA:80,2
DA:81,1
DA:84,1
DA:90,0
DA:97,0
DA:98,0
DA:107,0
DA:110,0
DA:111,0
DA:120,1
DA:121,1
DA:122,1
LF:58
LH:46
BRDA:2,0,0,1
BRDA:2,0,1,1
BRDA:2,0,2,1
BRDA:3,1,0,1
BRDA:3,1,1,0
BRDA:3,2,0,0
BRDA:3,2,1,0
BRDA:4,3,0,1
BRDA:4,3,1,0
BRDA:4,4,0,1
BRDA:4,4,1,1
BRDA:5,5,0,0
BRDA:5,5,1,0
BRDA:5,6,0,0
BRDA:5,6,1,0
BRDA:5,7,0,0
BRDA:5,7,1,0
BRDA:5,8,0,0
BRDA:5,8,1,0
BRDA:6,9,0,1
BRDA:6,9,1,0
BRDA:6,9,2,0
BRDA:8,10,0,1
BRDA:8,10,1,1
BRDA:8,10,2,1
BRDA:9,11,0,6
BRDA:9,11,1,0
BRDA:10,12,0,3
BRDA:10,12,1,3
BRDA:13,13,0,2
BRDA:13,13,1,6
BRDA:14,14,0,3
BRDA:14,14,1,3
BRDA:17,15,0,1
BRDA:17,15,1,1
BRDA:17,15,2,1
BRDA:18,16,0,0
BRDA:18,16,1,3
BRDA:20,17,0,3
BRDA:20,17,1,0
BRDA:20,18,0,0
BRDA:20,18,1,0
BRDA:21,19,0,0
BRDA:21,19,1,0
BRDA:65,20,0,3
BRDA:65,20,1,0
BRDA:73,21,0,0
BRDA:73,21,1,3
BRDA:73,22,0,3
BRDA:73,22,1,0
BRDA:73,22,2,0
BRDA:75,23,0,2
BRDA:75,23,1,1
BRDA:80,24,0,1
BRDA:80,24,1,1
BRDA:98,25,0,0
BRDA:98,25,1,0
BRDA:111,26,0,0
BRDA:111,26,1,0
BRF:59
BRH:30
end_of_record
TN:
SF:src/service/index.ts
FN:5,(anonymous_0)
FNF:1
FNH:0
FNDA:0,(anonymous_0)
DA:2,1
DA:3,1
DA:4,1
DA:5,1
LF:4
LH:4
BRF:0
BRH:0
end_of_record
TN:
SF:src/service/param-store.service.ts
FN:2,(anonymous_0)
FN:8,(anonymous_1)
FN:11,(anonymous_2)
FN:12,(anonymous_3)
FN:14,(anonymous_4)
FN:15,adopt
FN:15,(anonymous_6)
FN:16,(anonymous_7)
FN:17,fulfilled
FN:18,rejected
FN:19,step
FN:23,(anonymous_11)
FN:26,(anonymous_12)
FN:27,verb
FN:27,(anonymous_14)
FN:27,(anonymous_15)
FN:28,settle
FN:28,(anonymous_17)
FN:37,(anonymous_18)
FN:43,(anonymous_19)
FN:50,(anonymous_20)
FN:61,(anonymous_21)
FN:70,(anonymous_22)
FN:78,(anonymous_23)
FN:88,(anonymous_24)
FN:96,(anonymous_25)
FN:97,(anonymous_26)
FN:132,(anonymous_27)
FN:134,(anonymous_28)
FNF:29
FNH:6
FNDA:2,(anonymous_0)
FNDA:2,(anonymous_1)
FNDA:4,(anonymous_2)
FNDA:4,(anonymous_3)
FNDA:0,(anonymous_4)
FNDA:0,adopt
FNDA:0,(anonymous_6)
FNDA:0,(anonymous_7)
FNDA:0,fulfilled
FNDA:0,rejected
FNDA:0,step
FNDA:0,(anonymous_11)
FNDA:0,(anonymous_12)
FNDA:0,verb
FNDA:0,(anonymous_14)
FNDA:0,(anonymous_15)
FNDA:0,settle
FNDA:0,(anonymous_17)
FNDA:11,(anonymous_18)
FNDA:11,(anonymous_19)
FNDA:0,(anonymous_20)
FNDA:0,(anonymous_21)
FNDA:0,(anonymous_22)
FNDA:0,(anonymous_23)
FNDA:0,(anonymous_24)
FNDA:0,(anonymous_25)
FNDA:0,(anonymous_26)
FNDA:0,(anonymous_27)
FNDA:0,(anonymous_28)
DA:2,2
DA:3,2
DA:4,2
DA:5,0
DA:6,2
DA:8,2
DA:9,2
DA:11,2
DA:12,4
DA:14,2
DA:15,0
DA:16,0
DA:17,0
DA:18,0
DA:19,0
DA:20,0
DA:23,2
DA:24,0
DA:25,0
DA:26,0
DA:27,0
DA:28,0
DA:31,2
DA:32,2
DA:33,2
DA:34,2
DA:35,2
DA:36,2
DA:39,11
DA:40,11
DA:41,11
DA:42,11
DA:43,11
DA:44,11
DA:45,11
DA:47,0
DA:51,0
DA:52,0
DA:53,0
DA:54,0
DA:56,0
DA:58,0
DA:62,0
DA:63,0
DA:64,0
DA:65,0
DA:67,0
DA:71,0
DA:72,0
DA:73,0
DA:75,0
DA:79,0
DA:80,0
DA:81,0
DA:84,0
DA:89,0
DA:90,0
DA:93,0
DA:97,0
DA:99,0
DA:101,0
DA:102,0
DA:103,0
DA:104,0
DA:105,0
DA:106,0
DA:107,0
DA:108,0
DA:109,0
DA:113,0
DA:115,0
DA:116,0
DA:118,0
DA:120,0
DA:123,0
DA:124,0
DA:127,0
DA:133,0
DA:134,0
DA:135,0
DA:136,0
DA:140,2
DA:141,2
DA:142,2
LF:84
LH:26
BRDA:2,0,0,2
BRDA:2,0,1,2
BRDA:2,0,2,2
BRDA:3,1,0,2
BRDA:3,1,1,0
BRDA:3,2,0,0
BRDA:3,2,1,0
BRDA:4,3,0,2
BRDA:4,3,1,0
BRDA:4,4,0,2
BRDA:4,4,1,2
BRDA:5,5,0,0
BRDA:5,5,1,0
BRDA:5,6,0,0
BRDA:5,6,1,0
BRDA:5,7,0,0
BRDA:5,7,1,0
BRDA:5,8,0,0
BRDA:5,8,1,0
BRDA:6,9,0,2
BRDA:6,9,1,0
BRDA:6,9,2,0
BRDA:8,10,0,2
BRDA:8,10,1,2
BRDA:8,10,2,2
BRDA:9,11,0,2
BRDA:9,11,1,0
BRDA:9,12,0,2
BRDA:9,12,1,2
BRDA:11,13,0,2
BRDA:11,13,1,2
BRDA:11,13,2,2
BRDA:14,14,0,2
BRDA:14,14,1,2
BRDA:14,14,2,2
BRDA:15,15,0,0
BRDA:15,15,1,0
BRDA:16,16,0,0
BRDA:16,16,1,0
BRDA:19,17,0,0
BRDA:19,17,1,0
BRDA:20,18,0,0
BRDA:20,18,1,0
BRDA:23,19,0,2
BRDA:23,19,1,2
BRDA:23,19,2,2
BRDA:24,20,0,0
BRDA:24,20,1,0
BRDA:26,21,0,0
BRDA:26,21,1,0
BRDA:26,22,0,0
BRDA:26,22,1,0
BRDA:27,23,0,0
BRDA:27,23,1,0
BRDA:42,24,0,11
BRDA:42,24,1,0
BRDA:42,25,0,11
BRDA:42,25,1,11
BRDA:52,26,0,0
BRDA:52,26,1,0
BRDA:53,27,0,0
BRDA:53,27,1,0
BRDA:62,28,0,0
BRDA:62,28,1,0
BRDA:64,29,0,0
BRDA:64,29,1,0
BRDA:71,30,0,0
BRDA:71,30,1,0
BRDA:72,31,0,0
BRDA:72,31,1,0
BRDA:72,32,0,0
BRDA:72,32,1,0
BRDA:79,33,0,0
BRDA:79,33,1,0
BRDA:108,34,0,0
BRDA:108,34,1,0
BRDA:116,35,0,0
BRDA:116,35,1,0
BRDA:116,36,0,0
BRDA:116,36,1,0
BRDA:116,36,2,0
BRDA:118,37,0,0
BRDA:118,37,1,0
BRDA:123,38,0,0
BRDA:123,38,1,0
BRF:85
BRH:26
end_of_record
TN:
SF:src/util/index.ts
FN:5,(anonymous_0)
FNF:1
FNH:1
FNDA:11,(anonymous_0)
DA:2,1
DA:3,1
DA:4,1
DA:5,11
LF:4
LH:4
BRF:0
BRH:0
end_of_record
TN:
SF:src/util/ssm-utils.ts
FN:2,(anonymous_0)
FN:3,adopt
FN:3,(anonymous_2)
FN:4,(anonymous_3)
FN:5,fulfilled
FN:6,rejected
FN:7,step
FN:11,(anonymous_7)
FN:14,(anonymous_8)
FN:15,verb
FN:15,(anonymous_10)
FN:15,(anonymous_11)
FN:16,settle
FN:16,(anonymous_13)
FN:24,fetchAllSSMParameters
FN:25,(anonymous_15)
FNF:16
FNH:0
FNDA:0,(anonymous_0)
FNDA:0,adopt
FNDA:0,(anonymous_2)
FNDA:0,(anonymous_3)
FNDA:0,fulfilled
FNDA:0,rejected
FNDA:0,step
FNDA:0,(anonymous_7)
FNDA:0,(anonymous_8)
FNDA:0,verb
FNDA:0,(anonymous_10)
FNDA:0,(anonymous_11)
FNDA:0,settle
FNDA:0,(anonymous_13)
FNDA:0,fetchAllSSMParameters
FNDA:0,(anonymous_15)
DA:2,1
DA:3,0
DA:4,0
DA:5,0
DA:6,0
DA:7,0
DA:8,0
DA:11,1
DA:12,0
DA:13,0
DA:14,0
DA:15,0
DA:16,0
DA:18,1
DA:19,1
DA:20,1
DA:25,0
DA:27,0
DA:28,0
DA:29,0
DA:30,0
DA:31,0
DA:32,0
DA:33,0
DA:34,0
DA:35,0
DA:39,0
DA:41,0
DA:42,0
DA:44,0
DA:46,0
LF:31
LH:5
BRDA:2,0,0,1
BRDA:2,0,1,1
BRDA:2,0,2,1
BRDA:3,1,0,0
BRDA:3,1,1,0
BRDA:4,2,0,0
BRDA:4,2,1,0
BRDA:7,3,0,0
BRDA:7,3,1,0
BRDA:8,4,0,0
BRDA:8,4,1,0
BRDA:11,5,0,1
BRDA:11,5,1,1
BRDA:11,5,2,1
BRDA:12,6,0,0
BRDA:12,6,1,0
BRDA:14,7,0,0
BRDA:14,7,1,0
BRDA:14,8,0,0
BRDA:14,8,1,0
BRDA:15,9,0,0
BRDA:15,9,1,0
BRDA:34,10,0,0
BRDA:34,10,1,0
BRDA:42,11,0,0
BRDA:42,11,1,0
BRDA:42,12,0,0
BRDA:42,12,1,0
BRDA:42,12,2,0
BRDA:44,13,0,0
BRDA:44,13,1,0
BRF:31
BRH:6
end_of_record
